mode: set
github.com/go-spatial/geom/line_string.go:18.47,20.2 1 1
github.com/go-spatial/geom/line_string.go:23.68,24.15 1 1
github.com/go-spatial/geom/line_string.go:28.2,29.8 2 1
github.com/go-spatial/geom/line_string.go:24.15,26.3 1 1
github.com/go-spatial/geom/multi_line_string.go:11.57,13.2 1 1
github.com/go-spatial/geom/multi_line_string.go:16.78,17.16 1 1
github.com/go-spatial/geom/multi_line_string.go:21.2,22.8 2 1
github.com/go-spatial/geom/multi_line_string.go:17.16,19.3 1 1
github.com/go-spatial/geom/multi_point.go:11.44,13.2 1 1
github.com/go-spatial/geom/multi_point.go:16.65,17.15 1 1
github.com/go-spatial/geom/multi_point.go:21.2,22.8 2 1
github.com/go-spatial/geom/multi_point.go:17.15,19.3 1 1
github.com/go-spatial/geom/polygon.go:14.47,16.2 1 1
github.com/go-spatial/geom/polygon.go:19.68,20.14 1 1
github.com/go-spatial/geom/polygon.go:24.2,25.8 2 1
github.com/go-spatial/geom/polygon.go:20.14,22.3 1 1
github.com/go-spatial/geom/bbox.go:27.42,34.2 1 1
github.com/go-spatial/geom/bbox.go:40.60,42.32 2 1
github.com/go-spatial/geom/bbox.go:45.2,50.3 1 1
github.com/go-spatial/geom/bbox.go:42.32,44.3 1 1
github.com/go-spatial/geom/bbox.go:54.33,55.14 1 1
github.com/go-spatial/geom/bbox.go:58.2,58.13 1 1
github.com/go-spatial/geom/bbox.go:55.14,57.3 1 1
github.com/go-spatial/geom/bbox.go:62.33,63.14 1 1
github.com/go-spatial/geom/bbox.go:66.2,66.13 1 1
github.com/go-spatial/geom/bbox.go:63.14,65.3 1 1
github.com/go-spatial/geom/bbox.go:70.33,71.14 1 1
github.com/go-spatial/geom/bbox.go:74.2,74.13 1 1
github.com/go-spatial/geom/bbox.go:71.14,73.3 1 1
github.com/go-spatial/geom/bbox.go:78.33,79.14 1 1
github.com/go-spatial/geom/bbox.go:82.2,82.13 1 1
github.com/go-spatial/geom/bbox.go:79.14,81.3 1 1
github.com/go-spatial/geom/bbox.go:86.34,87.14 1 1
github.com/go-spatial/geom/bbox.go:90.2,90.20 1 1
github.com/go-spatial/geom/bbox.go:87.14,89.3 1 1
github.com/go-spatial/geom/bbox.go:92.34,93.14 1 1
github.com/go-spatial/geom/bbox.go:96.2,96.20 1 1
github.com/go-spatial/geom/bbox.go:93.14,95.3 1 1
github.com/go-spatial/geom/bbox.go:99.38,101.2 1 1
github.com/go-spatial/geom/bbox.go:105.39,106.14 1 1
github.com/go-spatial/geom/bbox.go:109.2,109.26 1 1
github.com/go-spatial/geom/bbox.go:112.2,112.26 1 1
github.com/go-spatial/geom/bbox.go:115.2,115.26 1 1
github.com/go-spatial/geom/bbox.go:118.2,118.26 1 1
github.com/go-spatial/geom/bbox.go:106.14,108.3 1 1
github.com/go-spatial/geom/bbox.go:109.26,111.3 1 1
github.com/go-spatial/geom/bbox.go:112.26,114.3 1 1
github.com/go-spatial/geom/bbox.go:115.26,117.3 1 1
github.com/go-spatial/geom/bbox.go:118.26,120.3 1 1
github.com/go-spatial/geom/bbox.go:124.50,126.14 1 1
github.com/go-spatial/geom/bbox.go:129.2,129.22 1 1
github.com/go-spatial/geom/bbox.go:132.2,133.15 2 1
github.com/go-spatial/geom/bbox.go:126.14,128.3 1 1
github.com/go-spatial/geom/bbox.go:129.22,131.3 1 1
github.com/go-spatial/geom/bbox.go:137.38,137.70 1 1
github.com/go-spatial/geom/bbox.go:140.33,142.2 1 1
github.com/go-spatial/geom/bbox.go:145.46,147.22 2 1
github.com/go-spatial/geom/bbox.go:151.2,152.22 2 1
github.com/go-spatial/geom/bbox.go:155.2,155.35 1 1
github.com/go-spatial/geom/bbox.go:172.2,172.16 1 1
github.com/go-spatial/geom/bbox.go:147.22,149.3 1 1
github.com/go-spatial/geom/bbox.go:152.22,154.3 1 1
github.com/go-spatial/geom/bbox.go:155.35,158.10 2 1
github.com/go-spatial/geom/bbox.go:165.3,165.10 1 1
github.com/go-spatial/geom/bbox.go:159.26,160.21 1 1
github.com/go-spatial/geom/bbox.go:161.26,162.21 1 1
github.com/go-spatial/geom/bbox.go:166.26,167.21 1 1
github.com/go-spatial/geom/bbox.go:168.26,169.21 1 1
github.com/go-spatial/geom/bbox.go:176.45,178.14 1 1
github.com/go-spatial/geom/bbox.go:181.2,181.15 1 1
github.com/go-spatial/geom/bbox.go:184.2,187.24 1 1
github.com/go-spatial/geom/bbox.go:178.14,180.3 1 1
github.com/go-spatial/geom/bbox.go:181.15,183.3 1 1
github.com/go-spatial/geom/bbox.go:191.52,192.14 1 1
github.com/go-spatial/geom/bbox.go:195.2,196.41 1 1
github.com/go-spatial/geom/bbox.go:192.14,194.3 1 1
github.com/go-spatial/geom/bbox.go:200.53,201.14 1 1
github.com/go-spatial/geom/bbox.go:204.2,204.55 1 1
github.com/go-spatial/geom/bbox.go:201.14,203.3 1 1
github.com/go-spatial/geom/bbox.go:208.45,209.14 1 1
github.com/go-spatial/geom/bbox.go:212.2,215.3 1 1
github.com/go-spatial/geom/bbox.go:209.14,211.3 1 1
github.com/go-spatial/geom/bbox.go:219.46,220.14 1 1
github.com/go-spatial/geom/bbox.go:223.2,226.3 1 1
github.com/go-spatial/geom/bbox.go:220.14,222.3 1 1
github.com/go-spatial/geom/bbox.go:229.34,230.14 1 1
github.com/go-spatial/geom/bbox.go:233.2,233.40 1 1
github.com/go-spatial/geom/bbox.go:230.14,232.3 1 1
github.com/go-spatial/geom/bbox.go:250.56,252.14 1 1
github.com/go-spatial/geom/bbox.go:256.2,256.15 1 1
github.com/go-spatial/geom/bbox.go:260.2,261.22 2 1
github.com/go-spatial/geom/bbox.go:264.2,265.22 2 1
github.com/go-spatial/geom/bbox.go:269.2,269.18 1 1
github.com/go-spatial/geom/bbox.go:272.2,273.22 2 1
github.com/go-spatial/geom/bbox.go:276.2,277.22 2 1
github.com/go-spatial/geom/bbox.go:282.2,282.18 1 1
github.com/go-spatial/geom/bbox.go:285.2,285.46 1 1
github.com/go-spatial/geom/bbox.go:252.14,254.3 1 1
github.com/go-spatial/geom/bbox.go:256.15,258.3 1 1
github.com/go-spatial/geom/bbox.go:261.22,263.3 1 1
github.com/go-spatial/geom/bbox.go:265.22,267.3 1 1
github.com/go-spatial/geom/bbox.go:269.18,271.3 1 1
github.com/go-spatial/geom/bbox.go:273.22,275.3 1 1
github.com/go-spatial/geom/bbox.go:277.22,279.3 1 1
github.com/go-spatial/geom/bbox.go:282.18,284.3 1 1
github.com/go-spatial/geom/collection.go:11.45,13.2 1 0
github.com/go-spatial/geom/collection.go:16.66,17.14 1 1
github.com/go-spatial/geom/collection.go:21.2,22.8 2 1
github.com/go-spatial/geom/collection.go:17.14,19.3 1 0
github.com/go-spatial/geom/multi_polygon.go:11.52,13.2 1 1
github.com/go-spatial/geom/multi_polygon.go:16.73,17.15 1 1
github.com/go-spatial/geom/multi_polygon.go:21.2,22.8 2 1
github.com/go-spatial/geom/multi_polygon.go:17.15,19.3 1 1
github.com/go-spatial/geom/point.go:11.32,13.2 1 1
github.com/go-spatial/geom/point.go:16.50,17.14 1 1
github.com/go-spatial/geom/point.go:21.2,23.8 3 1
github.com/go-spatial/geom/point.go:17.14,19.3 1 1
